Fitter report for Tracking_System
Thu Apr 19 11:51:07 2018
Quartus II 32-bit Version 13.0.1 Build 232 06/12/2013 Service Pack 1 SJ Web Edition


---------------------
; Table of Contents ;
---------------------
  1. Legal Notice
  2. Fitter Summary
  3. Fitter Settings
  4. Parallel Compilation
  5. Pin-Out File
  6. Fitter Resource Usage Summary
  7. Input Pins
  8. Output Pins
  9. Bidir Pins
 10. All Package Pins
 11. I/O Standard
 12. Dedicated Inputs I/O
 13. Output Pin Default Load For Reported TCO
 14. Fitter Resource Utilization by Entity
 15. Control Signals
 16. Global & Other Fast Signals
 17. Non-Global High Fan-Out Signals
 18. Other Routing Usage Summary
 19. LAB Macrocells
 20. Logic Cell Interconnection
 21. Fitter Device Options
 22. Fitter Messages



----------------
; Legal Notice ;
----------------
Copyright (C) 1991-2013 Altera Corporation
Your use of Altera Corporation's design tools, logic functions 
and other software and tools, and its AMPP partner logic 
functions, and any output files from any of the foregoing 
(including device programming or simulation files), and any 
associated documentation or information are expressly subject 
to the terms and conditions of the Altera Program License 
Subscription Agreement, Altera MegaCore Function License 
Agreement, or other applicable license agreement, including, 
without limitation, that your use is for the sole purpose of 
programming logic devices manufactured by Altera and sold by 
Altera or its authorized distributors.  Please refer to the 
applicable agreement for further details.



+-----------------------------------------------------------------------------+
; Fitter Summary                                                              ;
+---------------------------+-------------------------------------------------+
; Fitter Status             ; Successful - Thu Apr 19 11:51:07 2018           ;
; Quartus II 32-bit Version ; 13.0.1 Build 232 06/12/2013 SP 1 SJ Web Edition ;
; Revision Name             ; Tracking_System                                 ;
; Top-level Entity Name     ; Haziri                                          ;
; Family                    ; MAX3000A                                        ;
; Device                    ; EPM3064ALC44-10                                 ;
; Timing Models             ; Final                                           ;
; Total macrocells          ; 12 / 64 ( 19 % )                                ;
; Total pins                ; 15 / 34 ( 44 % )                                ;
+---------------------------+-------------------------------------------------+


+--------------------------------------------------------------------------------------------------------------+
; Fitter Settings                                                                                              ;
+----------------------------------------------------------------------------+-----------------+---------------+
; Option                                                                     ; Setting         ; Default Value ;
+----------------------------------------------------------------------------+-----------------+---------------+
; Device                                                                     ; EPM3064ALC44-10 ;               ;
; Use smart compilation                                                      ; Off             ; Off           ;
; Enable parallel Assembler and TimeQuest Timing Analyzer during compilation ; On              ; On            ;
; Enable compact report table                                                ; Off             ; Off           ;
; Optimize Multi-Corner Timing                                               ; Off             ; Off           ;
; Optimize Timing for ECOs                                                   ; Off             ; Off           ;
; Regenerate full fit report during ECO compiles                             ; Off             ; Off           ;
; Optimize IOC Register Placement for Timing                                 ; Normal          ; Normal        ;
; Fitter Initial Placement Seed                                              ; 1               ; 1             ;
; Slow Slew Rate                                                             ; Off             ; Off           ;
; Fitter Effort                                                              ; Auto Fit        ; Auto Fit      ;
; Force Fitter to Avoid Periphery Placement Warnings                         ; Off             ; Off           ;
+----------------------------------------------------------------------------+-----------------+---------------+


Parallel compilation was disabled, but you have multiple processors available. Enable parallel compilation to reduce compilation time.
+-------------------------------------+
; Parallel Compilation                ;
+----------------------------+--------+
; Processors                 ; Number ;
+----------------------------+--------+
; Number detected on machine ; 4      ;
; Maximum allowed            ; 1      ;
+----------------------------+--------+


+--------------+
; Pin-Out File ;
+--------------+
The pin-out file can be found in /home/dell/RFID_AttendanceSystem/Lets Keep A Count/output_files/Tracking_System.pin.


+-------------------------------------------------+
; Fitter Resource Usage Summary                   ;
+------------------------------+------------------+
; Resource                     ; Usage            ;
+------------------------------+------------------+
; Logic cells                  ; 12 / 64 ( 19 % ) ;
; Registers                    ; 2 / 64 ( 3 % )   ;
; Number of pterms used        ; 5                ;
; I/O pins                     ; 15 / 34 ( 44 % ) ;
;     -- Clock pins            ; 1 / 2 ( 50 % )   ;
;     -- Dedicated input pins  ; 0 / 2 ( 0 % )    ;
;                              ;                  ;
; Global signals               ; 1                ;
; Shareable expanders          ; 0 / 64 ( 0 % )   ;
; Parallel expanders           ; 0 / 60 ( 0 % )   ;
; Cells using turbo bit        ; 12 / 64 ( 19 % ) ;
; Maximum fan-out              ; 5                ;
; Highest non-global fan-out   ; 5                ;
; Total fan-out                ; 21               ;
; Average fan-out              ; 0.78             ;
+------------------------------+------------------+


+---------------------------------------------------------------------------------------------------------------------------+
; Input Pins                                                                                                                ;
+------+-------+----------+-----+-----------------------+--------------------+--------+--------------+----------------------+
; Name ; Pin # ; I/O Bank ; LAB ; Combinational Fan-Out ; Registered Fan-Out ; Global ; I/O Standard ; Location assigned by ;
+------+-------+----------+-----+-----------------------+--------------------+--------+--------------+----------------------+
; CLK  ; 43    ; --       ; --  ; 2                     ; 0                  ; yes    ; 3.3-V LVTTL  ; User                 ;
+------+-------+----------+-----+-----------------------+--------------------+--------+--------------+----------------------+


+----------------------------------------------------------------------------------------------------------------------------------------------------------------------------------------------+
; Output Pins                                                                                                                                                                                  ;
+----------+-------+----------+-----+-----------------+----------------+------------+---------------+--------------+----------------------+-------+----------------------+---------------------+
; Name     ; Pin # ; I/O Bank ; LAB ; Output Register ; Slow Slew Rate ; Open Drain ; TRI Primitive ; I/O Standard ; Location assigned by ; Load  ; Output Enable Source ; Output Enable Group ;
+----------+-------+----------+-----+-----------------+----------------+------------+---------------+--------------+----------------------+-------+----------------------+---------------------+
; DP       ; 39    ; --       ; 4   ; no              ; no             ; no         ; no            ; 3.3-V LVTTL  ; User                 ; 10 pF ; -                    ; -                   ;
; OP[0]    ; 33    ; --       ; 4   ; no              ; no             ; no         ; no            ; 3.3-V LVTTL  ; User                 ; 10 pF ; -                    ; -                   ;
; OP[1]    ; 31    ; --       ; 3   ; no              ; no             ; no         ; no            ; 3.3-V LVTTL  ; User                 ; 10 pF ; -                    ; -                   ;
; OP[2]    ; 29    ; --       ; 3   ; no              ; no             ; no         ; no            ; 3.3-V LVTTL  ; User                 ; 10 pF ; -                    ; -                   ;
; OP[3]    ; 28    ; --       ; 3   ; no              ; no             ; no         ; no            ; 3.3-V LVTTL  ; User                 ; 10 pF ; -                    ; -                   ;
; OVERFLOW ; 34    ; --       ; 4   ; no              ; no             ; no         ; no            ; 3.3-V LVTTL  ; User                 ; 10 pF ; -                    ; -                   ;
+----------+-------+----------+-----+-----------------+----------------+------------+---------------+--------------+----------------------+-------+----------------------+---------------------+


+----------------------------------------------------------------------------------------------------------------------------------------------------------------------------------------------------------------------------------+
; Bidir Pins                                                                                                                                                                                                                       ;
+--------+-------+----------+-----+-----------------------+--------------------+--------+-----------------+----------------+------------+--------------+----------------------+-------+----------------------+---------------------+
; Name   ; Pin # ; I/O Bank ; LAB ; Combinational Fan-Out ; Registered Fan-Out ; Global ; Output Register ; Slow Slew Rate ; Open Drain ; I/O Standard ; Location assigned by ; Load  ; Output Enable Source ; Output Enable Group ;
+--------+-------+----------+-----+-----------------------+--------------------+--------+-----------------+----------------+------------+--------------+----------------------+-------+----------------------+---------------------+
; SEL[0] ; 27    ; --       ; 3   ; 0                     ; 0                  ; no     ; no              ; no             ; no         ; 3.3-V LVTTL  ; User                 ; 10 pF ; -                    ; -                   ;
; SEL[1] ; 26    ; --       ; 3   ; 0                     ; 0                  ; no     ; no              ; no             ; no         ; 3.3-V LVTTL  ; User                 ; 10 pF ; -                    ; -                   ;
; SEL[2] ; 25    ; --       ; 3   ; 0                     ; 0                  ; no     ; no              ; no             ; no         ; 3.3-V LVTTL  ; User                 ; 10 pF ; -                    ; -                   ;
; SEL[3] ; 24    ; --       ; 3   ; 0                     ; 0                  ; no     ; no              ; no             ; no         ; 3.3-V LVTTL  ; User                 ; 10 pF ; -                    ; -                   ;
+--------+-------+----------+-----+-----------------------+--------------------+--------+-----------------+----------------+------------+--------------+----------------------+-------+----------------------+---------------------+


+-------------------------------------------------------------------------------------------------------+
; All Package Pins                                                                                      ;
+----------+------------+----------+----------------+--------+--------------+---------+-----------------+
; Location ; Pad Number ; I/O Bank ; Pin Name/Usage ; Dir.   ; I/O Standard ; Voltage ; User Assignment ;
+----------+------------+----------+----------------+--------+--------------+---------+-----------------+
; 1        ; 0          ; --       ; GND+           ;        ;              ;         ;                 ;
; 2        ; 1          ; --       ; GND+           ;        ;              ;         ;                 ;
; 3        ; 2          ; --       ; VCCINT         ; power  ;              ; 3.3V    ;                 ;
; 4        ; 3          ; --       ; RESERVED       ;        ;              ;         ;                 ;
; 5        ; 4          ; --       ; RESERVED       ;        ;              ;         ;                 ;
; 6        ; 5          ; --       ; RESERVED       ;        ;              ;         ;                 ;
; 7        ; 6          ; --       ; TDI            ; input  ; 3.3-V LVTTL  ;         ; N               ;
; 8        ; 7          ; --       ; RESERVED       ;        ;              ;         ;                 ;
; 9        ; 8          ; --       ; RESERVED       ;        ;              ;         ;                 ;
; 10       ; 9          ; --       ; GND            ; gnd    ;              ;         ;                 ;
; 11       ; 10         ; --       ; RESERVED       ;        ;              ;         ;                 ;
; 12       ; 11         ; --       ; RESERVED       ;        ;              ;         ;                 ;
; 13       ; 12         ; --       ; TMS            ; input  ; 3.3-V LVTTL  ;         ; N               ;
; 14       ; 13         ; --       ; RESERVED       ;        ;              ;         ;                 ;
; 15       ; 14         ; --       ; VCCIO          ; power  ;              ; 3.3V    ;                 ;
; 16       ; 15         ; --       ; RESERVED       ;        ;              ;         ;                 ;
; 17       ; 16         ; --       ; GND            ; gnd    ;              ;         ;                 ;
; 18       ; 17         ; --       ; RESERVED       ;        ;              ;         ;                 ;
; 19       ; 18         ; --       ; RESERVED       ;        ;              ;         ;                 ;
; 20       ; 19         ; --       ; RESERVED       ;        ;              ;         ;                 ;
; 21       ; 20         ; --       ; RESERVED       ;        ;              ;         ;                 ;
; 22       ; 21         ; --       ; GND            ; gnd    ;              ;         ;                 ;
; 23       ; 22         ; --       ; VCCINT         ; power  ;              ; 3.3V    ;                 ;
; 24       ; 23         ; --       ; SEL[3]         ; bidir  ; 3.3-V LVTTL  ;         ; Y               ;
; 25       ; 24         ; --       ; SEL[2]         ; bidir  ; 3.3-V LVTTL  ;         ; Y               ;
; 26       ; 25         ; --       ; SEL[1]         ; bidir  ; 3.3-V LVTTL  ;         ; Y               ;
; 27       ; 26         ; --       ; SEL[0]         ; bidir  ; 3.3-V LVTTL  ;         ; Y               ;
; 28       ; 27         ; --       ; OP[3]          ; output ; 3.3-V LVTTL  ;         ; Y               ;
; 29       ; 28         ; --       ; OP[2]          ; output ; 3.3-V LVTTL  ;         ; Y               ;
; 30       ; 29         ; --       ; GND            ; gnd    ;              ;         ;                 ;
; 31       ; 30         ; --       ; OP[1]          ; output ; 3.3-V LVTTL  ;         ; Y               ;
; 32       ; 31         ; --       ; TCK            ; input  ; 3.3-V LVTTL  ;         ; N               ;
; 33       ; 32         ; --       ; OP[0]          ; output ; 3.3-V LVTTL  ;         ; Y               ;
; 34       ; 33         ; --       ; OVERFLOW       ; output ; 3.3-V LVTTL  ;         ; Y               ;
; 35       ; 34         ; --       ; VCCIO          ; power  ;              ; 3.3V    ;                 ;
; 36       ; 35         ; --       ; GND            ; gnd    ;              ;         ;                 ;
; 37       ; 36         ; --       ; RESERVED       ;        ;              ;         ;                 ;
; 38       ; 37         ; --       ; TDO            ; output ; 3.3-V LVTTL  ;         ; N               ;
; 39       ; 38         ; --       ; DP             ; output ; 3.3-V LVTTL  ;         ; Y               ;
; 40       ; 39         ; --       ; RESERVED       ;        ;              ;         ;                 ;
; 41       ; 40         ; --       ; RESERVED       ;        ;              ;         ;                 ;
; 42       ; 41         ; --       ; GND            ; gnd    ;              ;         ;                 ;
; 43       ; 42         ; --       ; CLK            ; input  ; 3.3-V LVTTL  ;         ; Y               ;
; 44       ; 43         ; --       ; GND+           ;        ;              ;         ;                 ;
+----------+------------+----------+----------------+--------+--------------+---------+-----------------+
Note: Pin directions (input, output or bidir) are based on device operating in user mode.


+--------------------------------------------------------------------------------------------------+
; I/O Standard                                                                                     ;
+--------------+------------+----------------------+-------------------+-------------------+-------+
; I/O Standard ; Input Vref ; Dedicated Input Pins ; Pins in I/O Bank1 ; Pins in I/O Bank2 ; Total ;
+--------------+------------+----------------------+-------------------+-------------------+-------+
; 3.3-V LVTTL  ; -          ; 1                    ; 0                 ; 0                 ; 1     ;
+--------------+------------+----------------------+-------------------+-------------------+-------+


+--------------------------------------------------------------------+
; Dedicated Inputs I/O                                               ;
+------+-------+-------+-------+--------------+------------+---------+
; Name ; Pin # ; Type  ; VCCIO ; I/O Standard ; Input Vref ; Current ;
+------+-------+-------+-------+--------------+------------+---------+
; CLK  ; 43    ; Input ; --    ; 3.3-V LVTTL  ; -          ; 0 mA    ;
+------+-------+-------+-------+--------------+------------+---------+


+-----------------------------------------------+
; Output Pin Default Load For Reported TCO      ;
+--------------+-------+------------------------+
; I/O Standard ; Load  ; Termination Resistance ;
+--------------+-------+------------------------+
; 3.3-V LVTTL  ; 10 pF ; Not Available          ;
; 3.3-V LVCMOS ; 10 pF ; Not Available          ;
; 3.3-V PCI    ; 10 pF ; 25 Ohm (Parallel)      ;
; 2.5 V        ; 10 pF ; Not Available          ;
+--------------+-------+------------------------+
Note: User assignments will override these defaults. The user specified values are listed in the Output Pins and Bidir Pins tables.


+-------------------------------------------------------------------------------------+
; Fitter Resource Utilization by Entity                                               ;
+----------------------------+------------+------+---------------------+--------------+
; Compilation Hierarchy Node ; Macrocells ; Pins ; Full Hierarchy Name ; Library Name ;
+----------------------------+------------+------+---------------------+--------------+
; |Haziri                    ; 12         ; 15   ; |Haziri             ; work         ;
+----------------------------+------------+------+---------------------+--------------+


+--------------------------------------------------------------------------------------+
; Control Signals                                                                      ;
+------+----------+---------+-------+--------+----------------------+------------------+
; Name ; Location ; Fan-Out ; Usage ; Global ; Global Resource Used ; Global Line Name ;
+------+----------+---------+-------+--------+----------------------+------------------+
; CLK  ; PIN_43   ; 2       ; Clock ; yes    ; On                   ; --               ;
+------+----------+---------+-------+--------+----------------------+------------------+


+---------------------------------------------------------------------+
; Global & Other Fast Signals                                         ;
+------+----------+---------+----------------------+------------------+
; Name ; Location ; Fan-Out ; Global Resource Used ; Global Line Name ;
+------+----------+---------+----------------------+------------------+
; CLK  ; PIN_43   ; 2       ; On                   ; --               ;
+------+----------+---------+----------------------+------------------+


+---------------------------------+
; Non-Global High Fan-Out Signals ;
+---------------+-----------------+
; Name          ; Fan-Out         ;
+---------------+-----------------+
; Q.state_bit_0 ; 5               ;
; Q.state_bit_1 ; 4               ;
; ~VCC~0        ; 1               ;
; ~GND~4        ; 1               ;
; ~GND~3        ; 1               ;
; ~GND~2        ; 1               ;
; ~GND~1        ; 1               ;
; ~GND~0        ; 1               ;
; Q.S3~2        ; 1               ;
; Q.S2~3        ; 1               ;
; Q.S1~3        ; 1               ;
; Q.S0~2        ; 1               ;
+---------------+-----------------+


+-----------------------------------------------+
; Other Routing Usage Summary                   ;
+-----------------------------+-----------------+
; Other Routing Resource Type ; Usage           ;
+-----------------------------+-----------------+
; Output enables              ; 0 / 6 ( 0 % )   ;
; PIA buffers                 ; 2 / 144 ( 1 % ) ;
+-----------------------------+-----------------+


+----------------------------------------------------------------------+
; LAB Macrocells                                                       ;
+----------------------------------------+-----------------------------+
; Number of Macrocells  (Average = 3.00) ; Number of LABs  (Total = 2) ;
+----------------------------------------+-----------------------------+
; 0                                      ; 2                           ;
; 1                                      ; 0                           ;
; 2                                      ; 0                           ;
; 3                                      ; 1                           ;
; 4                                      ; 0                           ;
; 5                                      ; 0                           ;
; 6                                      ; 0                           ;
; 7                                      ; 0                           ;
; 8                                      ; 0                           ;
; 9                                      ; 1                           ;
+----------------------------------------+-----------------------------+


+-------------------------------------------------------------------------------------------------+
; Logic Cell Interconnection                                                                      ;
+-----+------------+------------------------------+-----------------------------------------------+
; LAB ; Logic Cell ; Input                        ; Output                                        ;
+-----+------------+------------------------------+-----------------------------------------------+
;  C  ; LC34       ; CLK                          ; Q.state_bit_1, Q.S0~2, Q.S1~3, Q.S2~3, Q.S3~2 ;
;  C  ; LC38       ; CLK, Q.state_bit_0           ; Q.S0~2, Q.S1~3, Q.S2~3, Q.S3~2                ;
;  C  ; LC33       ; Q.state_bit_0, Q.state_bit_1 ; SEL[3]                                        ;
;  C  ; LC35       ; Q.state_bit_0, Q.state_bit_1 ; SEL[2]                                        ;
;  C  ; LC36       ; Q.state_bit_0, Q.state_bit_1 ; SEL[1]                                        ;
;  C  ; LC37       ; Q.state_bit_0, Q.state_bit_1 ; SEL[0]                                        ;
;  C  ; LC46       ;                              ; OP[1]                                         ;
;  C  ; LC41       ;                              ; OP[2]                                         ;
;  C  ; LC40       ;                              ; OP[3]                                         ;
;  D  ; LC49       ;                              ; OP[0]                                         ;
;  D  ; LC51       ;                              ; OVERFLOW                                      ;
;  D  ; LC57       ;                              ; DP                                            ;
+-----+------------+------------------------------+-----------------------------------------------+


+---------------------------------------------------------------+
; Fitter Device Options                                         ;
+----------------------------------------------+----------------+
; Option                                       ; Setting        ;
+----------------------------------------------+----------------+
; Enable user-supplied start-up clock (CLKUSR) ; Off            ;
; Enable device-wide reset (DEV_CLRn)          ; Off            ;
; Enable device-wide output enable (DEV_OE)    ; Off            ;
; Enable INIT_DONE output                      ; Off            ;
; Configuration scheme                         ; Passive Serial ;
; Security bit                                 ; Off            ;
; Base pin-out file on sameframe device        ; Off            ;
+----------------------------------------------+----------------+


+-----------------+
; Fitter Messages ;
+-----------------+
Warning (20028): Parallel compilation is not licensed and has been disabled
Info (119006): Selected device EPM3064ALC44-10 for design "Tracking_System"
Info: Quartus II 32-bit Fitter was successful. 0 errors, 1 warning
    Info: Peak virtual memory: 293 megabytes
    Info: Processing ended: Thu Apr 19 11:51:07 2018
    Info: Elapsed time: 00:00:00
    Info: Total CPU time (on all processors): 00:00:01


