Analysis & Synthesis report for Tracking_System
Thu Apr 19 11:51:04 2018
Quartus II 32-bit Version 13.0.1 Build 232 06/12/2013 Service Pack 1 SJ Web Edition


---------------------
; Table of Contents ;
---------------------
  1. Legal Notice
  2. Analysis & Synthesis Summary
  3. Analysis & Synthesis Settings
  4. Parallel Compilation
  5. Analysis & Synthesis Source Files Read
  6. Analysis & Synthesis Resource Usage Summary
  7. Analysis & Synthesis Resource Utilization by Entity
  8. State Machine - |Haziri|Q
  9. Registers Removed During Synthesis
 10. Removed Registers Triggering Further Register Optimizations
 11. Analysis & Synthesis Messages



----------------
; Legal Notice ;
----------------
Copyright (C) 1991-2013 Altera Corporation
Your use of Altera Corporation's design tools, logic functions 
and other software and tools, and its AMPP partner logic 
functions, and any output files from any of the foregoing 
(including device programming or simulation files), and any 
associated documentation or information are expressly subject 
to the terms and conditions of the Altera Program License 
Subscription Agreement, Altera MegaCore Function License 
Agreement, or other applicable license agreement, including, 
without limitation, that your use is for the sole purpose of 
programming logic devices manufactured by Altera and sold by 
Altera or its authorized distributors.  Please refer to the 
applicable agreement for further details.



+-------------------------------------------------------------------------------+
; Analysis & Synthesis Summary                                                  ;
+-----------------------------+-------------------------------------------------+
; Analysis & Synthesis Status ; Successful - Thu Apr 19 11:51:04 2018           ;
; Quartus II 32-bit Version   ; 13.0.1 Build 232 06/12/2013 SP 1 SJ Web Edition ;
; Revision Name               ; Tracking_System                                 ;
; Top-level Entity Name       ; Haziri                                          ;
; Family                      ; MAX3000A                                        ;
; Total macrocells            ; 12                                              ;
; Total pins                  ; 11                                              ;
+-----------------------------+-------------------------------------------------+


+----------------------------------------------------------------------------------------------------------------+
; Analysis & Synthesis Settings                                                                                  ;
+----------------------------------------------------------------------------+-----------------+-----------------+
; Option                                                                     ; Setting         ; Default Value   ;
+----------------------------------------------------------------------------+-----------------+-----------------+
; Device                                                                     ; EPM3064ALC44-10 ;                 ;
; Top-level entity name                                                      ; Haziri          ; Tracking_System ;
; Family name                                                                ; MAX3000A        ; Cyclone IV GX   ;
; Use smart compilation                                                      ; Off             ; Off             ;
; Enable parallel Assembler and TimeQuest Timing Analyzer during compilation ; On              ; On              ;
; Enable compact report table                                                ; Off             ; Off             ;
; Create Debugging Nodes for IP Cores                                        ; Off             ; Off             ;
; Preserve fewer node names                                                  ; On              ; On              ;
; Disable OpenCore Plus hardware evaluation                                  ; Off             ; Off             ;
; Verilog Version                                                            ; Verilog_2001    ; Verilog_2001    ;
; VHDL Version                                                               ; VHDL_1993       ; VHDL_1993       ;
; State Machine Processing                                                   ; Auto            ; Auto            ;
; Safe State Machine                                                         ; Off             ; Off             ;
; Extract Verilog State Machines                                             ; On              ; On              ;
; Extract VHDL State Machines                                                ; On              ; On              ;
; Ignore Verilog initial constructs                                          ; Off             ; Off             ;
; Iteration limit for constant Verilog loops                                 ; 5000            ; 5000            ;
; Iteration limit for non-constant Verilog loops                             ; 250             ; 250             ;
; Add Pass-Through Logic to Inferred RAMs                                    ; On              ; On              ;
; Infer RAMs from Raw Logic                                                  ; On              ; On              ;
; Parallel Synthesis                                                         ; On              ; On              ;
; NOT Gate Push-Back                                                         ; On              ; On              ;
; Power-Up Don't Care                                                        ; On              ; On              ;
; Remove Duplicate Registers                                                 ; On              ; On              ;
; Ignore CARRY Buffers                                                       ; Off             ; Off             ;
; Ignore CASCADE Buffers                                                     ; Off             ; Off             ;
; Ignore GLOBAL Buffers                                                      ; Off             ; Off             ;
; Ignore ROW GLOBAL Buffers                                                  ; Off             ; Off             ;
; Ignore LCELL Buffers                                                       ; Auto            ; Auto            ;
; Ignore SOFT Buffers                                                        ; Off             ; Off             ;
; Limit AHDL Integers to 32 Bits                                             ; Off             ; Off             ;
; Optimization Technique                                                     ; Speed           ; Speed           ;
; Allow XOR Gate Usage                                                       ; On              ; On              ;
; Auto Logic Cell Insertion                                                  ; On              ; On              ;
; Parallel Expander Chain Length                                             ; 4               ; 4               ;
; Auto Parallel Expanders                                                    ; On              ; On              ;
; Auto Open-Drain Pins                                                       ; On              ; On              ;
; Auto Resource Sharing                                                      ; Off             ; Off             ;
; Maximum Fan-in Per Macrocell                                               ; 100             ; 100             ;
; Use LogicLock Constraints during Resource Balancing                        ; On              ; On              ;
; Ignore translate_off and synthesis_off directives                          ; Off             ; Off             ;
; Report Parameter Settings                                                  ; On              ; On              ;
; Report Source Assignments                                                  ; On              ; On              ;
; Report Connectivity Checks                                                 ; On              ; On              ;
; HDL message level                                                          ; Level2          ; Level2          ;
; Suppress Register Optimization Related Messages                            ; Off             ; Off             ;
; Number of Removed Registers Reported in Synthesis Report                   ; 5000            ; 5000            ;
; Number of Swept Nodes Reported in Synthesis Report                         ; 5000            ; 5000            ;
; Number of Inverted Registers Reported in Synthesis Report                  ; 100             ; 100             ;
; Block Design Naming                                                        ; Auto            ; Auto            ;
; Synthesis Effort                                                           ; Auto            ; Auto            ;
; Shift Register Replacement - Allow Asynchronous Clear Signal               ; On              ; On              ;
; Pre-Mapping Resynthesis Optimization                                       ; Off             ; Off             ;
; Analysis & Synthesis Message Level                                         ; Medium          ; Medium          ;
; Disable Register Merging Across Hierarchies                                ; Auto            ; Auto            ;
; Synthesis Seed                                                             ; 1               ; 1               ;
+----------------------------------------------------------------------------+-----------------+-----------------+


Parallel compilation was disabled, but you have multiple processors available. Enable parallel compilation to reduce compilation time.
+-------------------------------------+
; Parallel Compilation                ;
+----------------------------+--------+
; Processors                 ; Number ;
+----------------------------+--------+
; Number detected on machine ; 4      ;
; Maximum allowed            ; 1      ;
+----------------------------+--------+


+------------------------------------------------------------------------------------------------------------------------------------------------+
; Analysis & Synthesis Source Files Read                                                                                                         ;
+----------------------------------+-----------------+-----------------+---------------------------------------------------------------+---------+
; File Name with User-Entered Path ; Used in Netlist ; File Type       ; File Name with Absolute Path                                  ; Library ;
+----------------------------------+-----------------+-----------------+---------------------------------------------------------------+---------+
; Haziri.vhd                       ; yes             ; User VHDL File  ; /home/dell/RFID_AttendanceSystem/Lets Keep A Count/Haziri.vhd ;         ;
+----------------------------------+-----------------+-----------------+---------------------------------------------------------------+---------+


+---------------------------------------------+
; Analysis & Synthesis Resource Usage Summary ;
+----------------------+----------------------+
; Resource             ; Usage                ;
+----------------------+----------------------+
; Logic cells          ; 12                   ;
; Total registers      ; 2                    ;
; I/O pins             ; 11                   ;
; Maximum fan-out node ; Q.state_bit_0        ;
; Maximum fan-out      ; 5                    ;
; Total fan-out        ; 21                   ;
; Average fan-out      ; 0.91                 ;
+----------------------+----------------------+


+-------------------------------------------------------------------------------------+
; Analysis & Synthesis Resource Utilization by Entity                                 ;
+----------------------------+------------+------+---------------------+--------------+
; Compilation Hierarchy Node ; Macrocells ; Pins ; Full Hierarchy Name ; Library Name ;
+----------------------------+------------+------+---------------------+--------------+
; |Haziri                    ; 12         ; 11   ; |Haziri             ; work         ;
+----------------------------+------------+------+---------------------+--------------+


Encoding Type:  Minimal Bits
+--------------------------------------+
; State Machine - |Haziri|Q            ;
+------+---------------+---------------+
; Name ; Q.state_bit_1 ; Q.state_bit_0 ;
+------+---------------+---------------+
; Q.S0 ; 0             ; 0             ;
; Q.S1 ; 0             ; 1             ;
; Q.S2 ; 1             ; 0             ;
; Q.S3 ; 1             ; 1             ;
+------+---------------+---------------+


+---------------------------------------------------------------------------------+
; Registers Removed During Synthesis                                              ;
+----------------------------------------+----------------------------------------+
; Register name                          ; Reason for Removal                     ;
+----------------------------------------+----------------------------------------+
; O[0..15]                               ; Stuck at GND due to stuck port data_in ;
; OVERFLOW~reg0                          ; Stuck at GND due to stuck port data_in ;
; CLK_NEW                                ; Lost fanout                            ;
; CNT_CLK                                ; Lost fanout                            ;
; Total Number of Removed Registers = 19 ;                                        ;
+----------------------------------------+----------------------------------------+


+------------------------------------------------------------------------------------+
; Removed Registers Triggering Further Register Optimizations                        ;
+---------------+---------------------------+----------------------------------------+
; Register name ; Reason for Removal        ; Registers Removed due to This Register ;
+---------------+---------------------------+----------------------------------------+
; O[12]         ; Stuck at GND              ; CLK_NEW, CNT_CLK                       ;
;               ; due to stuck port data_in ;                                        ;
+---------------+---------------------------+----------------------------------------+


+-------------------------------+
; Analysis & Synthesis Messages ;
+-------------------------------+
Info: *******************************************************************
Info: Running Quartus II 32-bit Analysis & Synthesis
    Info: Version 13.0.1 Build 232 06/12/2013 Service Pack 1 SJ Web Edition
    Info: Processing started: Thu Apr 19 11:51:03 2018
Info: Command: quartus_map --read_settings_files=on --write_settings_files=off Tracking_System -c Tracking_System
Warning (20028): Parallel compilation is not licensed and has been disabled
Info (12021): Found 2 design units, including 1 entities, in source file Haziri.vhd
    Info (12022): Found design unit 1: Haziri-FUNCT
    Info (12023): Found entity 1: Haziri
Info (12127): Elaborating entity "Haziri" for the top level hierarchy
Warning (10492): VHDL Process Statement warning at Haziri.vhd(48): signal "cnt" is read inside the Process Statement but isn't in the Process Statement's sensitivity list
Warning (10492): VHDL Process Statement warning at Haziri.vhd(123): signal "O" is read inside the Process Statement but isn't in the Process Statement's sensitivity list
Warning (10492): VHDL Process Statement warning at Haziri.vhd(127): signal "O" is read inside the Process Statement but isn't in the Process Statement's sensitivity list
Warning (10492): VHDL Process Statement warning at Haziri.vhd(131): signal "O" is read inside the Process Statement but isn't in the Process Statement's sensitivity list
Warning (10492): VHDL Process Statement warning at Haziri.vhd(135): signal "O" is read inside the Process Statement but isn't in the Process Statement's sensitivity list
Warning (13034): The following nodes have both tri-state and non-tri-state drivers
    Warning (13035): Inserted always-enabled tri-state buffer between "SEL[0]" and its non-tri-state driver.
    Warning (13035): Inserted always-enabled tri-state buffer between "SEL[1]" and its non-tri-state driver.
    Warning (13035): Inserted always-enabled tri-state buffer between "SEL[2]" and its non-tri-state driver.
    Warning (13035): Inserted always-enabled tri-state buffer between "SEL[3]" and its non-tri-state driver.
Warning (13009): TRI or OPNDRN buffers permanently enabled
    Warning (13010): Node "SEL[0]~synth"
    Warning (13010): Node "SEL[1]~synth"
    Warning (13010): Node "SEL[2]~synth"
    Warning (13010): Node "SEL[3]~synth"
Warning (13024): Output pins are stuck at VCC or GND
    Warning (13410): Pin "OP[0]" is stuck at GND
    Warning (13410): Pin "OP[1]" is stuck at GND
    Warning (13410): Pin "OP[2]" is stuck at GND
    Warning (13410): Pin "OP[3]" is stuck at GND
    Warning (13410): Pin "OVERFLOW" is stuck at GND
    Warning (13410): Pin "DP" is stuck at VCC
Info (280013): Promoted pin-driven signal(s) to global signal
    Info (280014): Promoted clock signal driven by pin "CLK" to global clock signal
Info (17049): 2 registers lost all their fanouts during netlist optimizations.
Info (21057): Implemented 23 device resources after synthesis - the final resource count might be different
    Info (21058): Implemented 1 input pins
    Info (21059): Implemented 6 output pins
    Info (21060): Implemented 4 bidirectional pins
    Info (21063): Implemented 12 macrocells
Info: Quartus II 32-bit Analysis & Synthesis was successful. 0 errors, 23 warnings
    Info: Peak virtual memory: 368 megabytes
    Info: Processing ended: Thu Apr 19 11:51:04 2018
    Info: Elapsed time: 00:00:01
    Info: Total CPU time (on all processors): 00:00:01


