Flow report for Tracking_System
Thu Apr 26 00:08:17 2018
Quartus II 32-bit Version 13.0.1 Build 232 06/12/2013 Service Pack 1 SJ Web Edition


---------------------
; Table of Contents ;
---------------------
  1. Legal Notice
  2. Flow Summary
  3. Flow Settings
  4. Flow Non-Default Global Settings
  5. Flow Elapsed Time
  6. Flow OS Summary
  7. Flow Log
  8. Flow Messages
  9. Flow Suppressed Messages



----------------
; Legal Notice ;
----------------
Copyright (C) 1991-2013 Altera Corporation
Your use of Altera Corporation's design tools, logic functions 
and other software and tools, and its AMPP partner logic 
functions, and any output files from any of the foregoing 
(including device programming or simulation files), and any 
associated documentation or information are expressly subject 
to the terms and conditions of the Altera Program License 
Subscription Agreement, Altera MegaCore Function License 
Agreement, or other applicable license agreement, including, 
without limitation, that your use is for the sole purpose of 
programming logic devices manufactured by Altera and sold by 
Altera or its authorized distributors.  Please refer to the 
applicable agreement for further details.



+-----------------------------------------------------------------------------+
; Flow Summary                                                                ;
+---------------------------+-------------------------------------------------+
; Flow Status               ; Successful - Thu Apr 26 00:08:17 2018           ;
; Quartus II 32-bit Version ; 13.0.1 Build 232 06/12/2013 SP 1 SJ Web Edition ;
; Revision Name             ; Tracking_System                                 ;
; Top-level Entity Name     ; Haziri                                          ;
; Family                    ; MAX3000A                                        ;
; Device                    ; EPM3064ALC44-10                                 ;
; Timing Models             ; Final                                           ;
; Total macrocells          ; 59 / 64 ( 92 % )                                ;
; Total pins                ; 15 / 34 ( 44 % )                                ;
+---------------------------+-------------------------------------------------+


+-----------------------------------------+
; Flow Settings                           ;
+-------------------+---------------------+
; Option            ; Setting             ;
+-------------------+---------------------+
; Start date & time ; 04/26/2018 00:08:04 ;
; Main task         ; Compilation         ;
; Revision Name     ; Tracking_System     ;
+-------------------+---------------------+


+----------------------------------------------------------------------------------------------------+
; Flow Non-Default Global Settings                                                                   ;
+--------------------------+------------------------+-----------------+-------------+----------------+
; Assignment Name          ; Value                  ; Default Value   ; Entity Name ; Section Id     ;
+--------------------------+------------------------+-----------------+-------------+----------------+
; COMPILER_SIGNATURE_ID    ; 0.152468148410727      ; --              ; --          ; --             ;
; EDA_OUTPUT_DATA_FORMAT   ; Vhdl                   ; --              ; --          ; eda_simulation ;
; EDA_SIMULATION_TOOL      ; ModelSim-Altera (VHDL) ; <None>          ; --          ; --             ;
; MAX_CORE_JUNCTION_TEMP   ; 85                     ; --              ; --          ; --             ;
; MIN_CORE_JUNCTION_TEMP   ; 0                      ; --              ; --          ; --             ;
; PROJECT_OUTPUT_DIRECTORY ; output_files           ; --              ; --          ; --             ;
; TOP_LEVEL_ENTITY         ; Haziri                 ; Tracking_System ; --          ; --             ;
+--------------------------+------------------------+-----------------+-------------+----------------+


+-------------------------------------------------------------------------------------------------------------------------------+
; Flow Elapsed Time                                                                                                             ;
+---------------------------+--------------+-------------------------+---------------------+------------------------------------+
; Module Name               ; Elapsed Time ; Average Processors Used ; Peak Virtual Memory ; Total CPU Time (on all processors) ;
+---------------------------+--------------+-------------------------+---------------------+------------------------------------+
; Analysis & Synthesis      ; 00:00:01     ; 1.0                     ; 375 MB              ; 00:00:02                           ;
; Fitter                    ; 00:00:01     ; 1.0                     ; 293 MB              ; 00:00:01                           ;
; Assembler                 ; 00:00:00     ; 1.0                     ; 299 MB              ; 00:00:00                           ;
; TimeQuest Timing Analyzer ; 00:00:01     ; 1.0                     ; 289 MB              ; 00:00:01                           ;
; EDA Netlist Writer        ; 00:00:00     ; 1.0                     ; 293 MB              ; 00:00:00                           ;
; Total                     ; 00:00:03     ; --                      ; --                  ; 00:00:04                           ;
+---------------------------+--------------+-------------------------+---------------------+------------------------------------+


+-------------------------------------------------------------------------------------------+
; Flow OS Summary                                                                           ;
+---------------------------+------------------+--------------+------------+----------------+
; Module Name               ; Machine Hostname ; OS Name      ; OS Version ; Processor type ;
+---------------------------+------------------+--------------+------------+----------------+
; Analysis & Synthesis      ; gauravg          ; Ubuntu 17.10 ; 17         ; x86_64         ;
; Fitter                    ; gauravg          ; Ubuntu 17.10 ; 17         ; x86_64         ;
; Assembler                 ; gauravg          ; Ubuntu 17.10 ; 17         ; x86_64         ;
; TimeQuest Timing Analyzer ; gauravg          ; Ubuntu 17.10 ; 17         ; x86_64         ;
; EDA Netlist Writer        ; gauravg          ; Ubuntu 17.10 ; 17         ; x86_64         ;
+---------------------------+------------------+--------------+------------+----------------+


------------
; Flow Log ;
------------
quartus_map --read_settings_files=on --write_settings_files=off Tracking_System -c Tracking_System
quartus_fit --read_settings_files=off --write_settings_files=off Tracking_System -c Tracking_System
quartus_asm --read_settings_files=off --write_settings_files=off Tracking_System -c Tracking_System
quartus_sta Tracking_System -c Tracking_System
quartus_eda --read_settings_files=off --write_settings_files=off Tracking_System -c Tracking_System



