Analysis & Synthesis report for Digital_Attendance_Sheet
Wed Apr 25 22:31:42 2018
Quartus II 32-bit Version 13.0.1 Build 232 06/12/2013 Service Pack 1 SJ Web Edition


---------------------
; Table of Contents ;
---------------------
  1. Legal Notice
  2. Analysis & Synthesis Summary
  3. Analysis & Synthesis Settings
  4. Parallel Compilation
  5. Analysis & Synthesis Source Files Read
  6. Analysis & Synthesis Resource Usage Summary
  7. Analysis & Synthesis Resource Utilization by Entity
  8. State Machine - |Display_On_LCD|Q
  9. User-Specified and Inferred Latches
 10. Parameter Settings for Inferred Entity Instance: lpm_counter:CNT_ROLLNO_rtl_0
 11. Parameter Settings for Inferred Entity Instance: lpm_add_sub:Add3
 12. Analysis & Synthesis Messages



----------------
; Legal Notice ;
----------------
Copyright (C) 1991-2013 Altera Corporation
Your use of Altera Corporation's design tools, logic functions 
and other software and tools, and its AMPP partner logic 
functions, and any output files from any of the foregoing 
(including device programming or simulation files), and any 
associated documentation or information are expressly subject 
to the terms and conditions of the Altera Program License 
Subscription Agreement, Altera MegaCore Function License 
Agreement, or other applicable license agreement, including, 
without limitation, that your use is for the sole purpose of 
programming logic devices manufactured by Altera and sold by 
Altera or its authorized distributors.  Please refer to the 
applicable agreement for further details.



+-------------------------------------------------------------------------------+
; Analysis & Synthesis Summary                                                  ;
+-----------------------------+-------------------------------------------------+
; Analysis & Synthesis Status ; Successful - Wed Apr 25 22:31:42 2018           ;
; Quartus II 32-bit Version   ; 13.0.1 Build 232 06/12/2013 SP 1 SJ Web Edition ;
; Revision Name               ; Digital_Attendance_Sheet                        ;
; Top-level Entity Name       ; Display_On_LCD                                  ;
; Family                      ; MAX3000A                                        ;
; Total macrocells            ; 51                                              ;
; Total pins                  ; 13                                              ;
+-----------------------------+-------------------------------------------------+


+-------------------------------------------------------------------------------------------------------------------------+
; Analysis & Synthesis Settings                                                                                           ;
+----------------------------------------------------------------------------+-----------------+--------------------------+
; Option                                                                     ; Setting         ; Default Value            ;
+----------------------------------------------------------------------------+-----------------+--------------------------+
; Device                                                                     ; EPM3064ALC44-10 ;                          ;
; Top-level entity name                                                      ; Display_On_LCD  ; Digital_Attendance_Sheet ;
; Family name                                                                ; MAX3000A        ; Cyclone IV GX            ;
; Use smart compilation                                                      ; Off             ; Off                      ;
; Enable parallel Assembler and TimeQuest Timing Analyzer during compilation ; On              ; On                       ;
; Enable compact report table                                                ; Off             ; Off                      ;
; Create Debugging Nodes for IP Cores                                        ; Off             ; Off                      ;
; Preserve fewer node names                                                  ; On              ; On                       ;
; Disable OpenCore Plus hardware evaluation                                  ; Off             ; Off                      ;
; Verilog Version                                                            ; Verilog_2001    ; Verilog_2001             ;
; VHDL Version                                                               ; VHDL_1993       ; VHDL_1993                ;
; State Machine Processing                                                   ; Auto            ; Auto                     ;
; Safe State Machine                                                         ; Off             ; Off                      ;
; Extract Verilog State Machines                                             ; On              ; On                       ;
; Extract VHDL State Machines                                                ; On              ; On                       ;
; Ignore Verilog initial constructs                                          ; Off             ; Off                      ;
; Iteration limit for constant Verilog loops                                 ; 5000            ; 5000                     ;
; Iteration limit for non-constant Verilog loops                             ; 250             ; 250                      ;
; Add Pass-Through Logic to Inferred RAMs                                    ; On              ; On                       ;
; Infer RAMs from Raw Logic                                                  ; On              ; On                       ;
; Parallel Synthesis                                                         ; On              ; On                       ;
; NOT Gate Push-Back                                                         ; On              ; On                       ;
; Power-Up Don't Care                                                        ; On              ; On                       ;
; Remove Duplicate Registers                                                 ; On              ; On                       ;
; Ignore CARRY Buffers                                                       ; Off             ; Off                      ;
; Ignore CASCADE Buffers                                                     ; Off             ; Off                      ;
; Ignore GLOBAL Buffers                                                      ; Off             ; Off                      ;
; Ignore ROW GLOBAL Buffers                                                  ; Off             ; Off                      ;
; Ignore LCELL Buffers                                                       ; Auto            ; Auto                     ;
; Ignore SOFT Buffers                                                        ; Off             ; Off                      ;
; Limit AHDL Integers to 32 Bits                                             ; Off             ; Off                      ;
; Optimization Technique                                                     ; Speed           ; Speed                    ;
; Allow XOR Gate Usage                                                       ; On              ; On                       ;
; Auto Logic Cell Insertion                                                  ; On              ; On                       ;
; Parallel Expander Chain Length                                             ; 4               ; 4                        ;
; Auto Parallel Expanders                                                    ; On              ; On                       ;
; Auto Open-Drain Pins                                                       ; On              ; On                       ;
; Auto Resource Sharing                                                      ; Off             ; Off                      ;
; Maximum Fan-in Per Macrocell                                               ; 100             ; 100                      ;
; Use LogicLock Constraints during Resource Balancing                        ; On              ; On                       ;
; Ignore translate_off and synthesis_off directives                          ; Off             ; Off                      ;
; Report Parameter Settings                                                  ; On              ; On                       ;
; Report Source Assignments                                                  ; On              ; On                       ;
; Report Connectivity Checks                                                 ; On              ; On                       ;
; HDL message level                                                          ; Level2          ; Level2                   ;
; Suppress Register Optimization Related Messages                            ; Off             ; Off                      ;
; Number of Removed Registers Reported in Synthesis Report                   ; 5000            ; 5000                     ;
; Number of Swept Nodes Reported in Synthesis Report                         ; 5000            ; 5000                     ;
; Number of Inverted Registers Reported in Synthesis Report                  ; 100             ; 100                      ;
; Block Design Naming                                                        ; Auto            ; Auto                     ;
; Synthesis Effort                                                           ; Auto            ; Auto                     ;
; Shift Register Replacement - Allow Asynchronous Clear Signal               ; On              ; On                       ;
; Pre-Mapping Resynthesis Optimization                                       ; Off             ; Off                      ;
; Analysis & Synthesis Message Level                                         ; Medium          ; Medium                   ;
; Disable Register Merging Across Hierarchies                                ; Auto            ; Auto                     ;
; Synthesis Seed                                                             ; 1               ; 1                        ;
+----------------------------------------------------------------------------+-----------------+--------------------------+


Parallel compilation was disabled, but you have multiple processors available. Enable parallel compilation to reduce compilation time.
+-------------------------------------+
; Parallel Compilation                ;
+----------------------------+--------+
; Processors                 ; Number ;
+----------------------------+--------+
; Number detected on machine ; 4      ;
; Maximum allowed            ; 1      ;
+----------------------------+--------+


+--------------------------------------------------------------------------------------------------------------------------------------------------------------+
; Analysis & Synthesis Source Files Read                                                                                                                       ;
+----------------------------------+-----------------+-----------------+-----------------------------------------------------------------------------+---------+
; File Name with User-Entered Path ; Used in Netlist ; File Type       ; File Name with Absolute Path                                                ; Library ;
+----------------------------------+-----------------+-----------------+-----------------------------------------------------------------------------+---------+
; Display_On_LCD.vhd               ; yes             ; User VHDL File  ; /home/dell/Project Pehredaar/Drishyam/Display_On_LCD.vhd                    ;         ;
; lpm_counter.tdf                  ; yes             ; Megafunction    ; /opt/altera/13.0sp1/quartus/libraries/megafunctions/lpm_counter.tdf         ;         ;
; lpm_constant.inc                 ; yes             ; Megafunction    ; /opt/altera/13.0sp1/quartus/libraries/megafunctions/lpm_constant.inc        ;         ;
; lpm_decode.inc                   ; yes             ; Megafunction    ; /opt/altera/13.0sp1/quartus/libraries/megafunctions/lpm_decode.inc          ;         ;
; lpm_add_sub.inc                  ; yes             ; Megafunction    ; /opt/altera/13.0sp1/quartus/libraries/megafunctions/lpm_add_sub.inc         ;         ;
; cmpconst.inc                     ; yes             ; Megafunction    ; /opt/altera/13.0sp1/quartus/libraries/megafunctions/cmpconst.inc            ;         ;
; lpm_compare.inc                  ; yes             ; Megafunction    ; /opt/altera/13.0sp1/quartus/libraries/megafunctions/lpm_compare.inc         ;         ;
; lpm_counter.inc                  ; yes             ; Megafunction    ; /opt/altera/13.0sp1/quartus/libraries/megafunctions/lpm_counter.inc         ;         ;
; dffeea.inc                       ; yes             ; Megafunction    ; /opt/altera/13.0sp1/quartus/libraries/megafunctions/dffeea.inc              ;         ;
; alt_counter_stratix.inc          ; yes             ; Megafunction    ; /opt/altera/13.0sp1/quartus/libraries/megafunctions/alt_counter_stratix.inc ;         ;
; aglobal130.inc                   ; yes             ; Megafunction    ; /opt/altera/13.0sp1/quartus/libraries/megafunctions/aglobal130.inc          ;         ;
; lpm_add_sub.tdf                  ; yes             ; Megafunction    ; /opt/altera/13.0sp1/quartus/libraries/megafunctions/lpm_add_sub.tdf         ;         ;
; addcore.inc                      ; yes             ; Megafunction    ; /opt/altera/13.0sp1/quartus/libraries/megafunctions/addcore.inc             ;         ;
; look_add.inc                     ; yes             ; Megafunction    ; /opt/altera/13.0sp1/quartus/libraries/megafunctions/look_add.inc            ;         ;
; bypassff.inc                     ; yes             ; Megafunction    ; /opt/altera/13.0sp1/quartus/libraries/megafunctions/bypassff.inc            ;         ;
; altshift.inc                     ; yes             ; Megafunction    ; /opt/altera/13.0sp1/quartus/libraries/megafunctions/altshift.inc            ;         ;
; alt_stratix_add_sub.inc          ; yes             ; Megafunction    ; /opt/altera/13.0sp1/quartus/libraries/megafunctions/alt_stratix_add_sub.inc ;         ;
; addcore.tdf                      ; yes             ; Megafunction    ; /opt/altera/13.0sp1/quartus/libraries/megafunctions/addcore.tdf             ;         ;
; a_csnbuffer.inc                  ; yes             ; Megafunction    ; /opt/altera/13.0sp1/quartus/libraries/megafunctions/a_csnbuffer.inc         ;         ;
; a_csnbuffer.tdf                  ; yes             ; Megafunction    ; /opt/altera/13.0sp1/quartus/libraries/megafunctions/a_csnbuffer.tdf         ;         ;
; altshift.tdf                     ; yes             ; Megafunction    ; /opt/altera/13.0sp1/quartus/libraries/megafunctions/altshift.tdf            ;         ;
+----------------------------------+-----------------+-----------------+-----------------------------------------------------------------------------+---------+


+---------------------------------------------+
; Analysis & Synthesis Resource Usage Summary ;
+----------------------+----------------------+
; Resource             ; Usage                ;
+----------------------+----------------------+
; Logic cells          ; 51                   ;
; Total registers      ; 22                   ;
; I/O pins             ; 13                   ;
; Shareable expanders  ; 5                    ;
; Parallel expanders   ; 8                    ;
; Maximum fan-out node ; Q.state_bit_1        ;
; Maximum fan-out      ; 34                   ;
; Total fan-out        ; 364                  ;
; Average fan-out      ; 5.28                 ;
+----------------------+----------------------+


+---------------------------------------------------------------------------------------------------------------------+
; Analysis & Synthesis Resource Utilization by Entity                                                                 ;
+-----------------------------------+------------+------+----------------------------------------------+--------------+
; Compilation Hierarchy Node        ; Macrocells ; Pins ; Full Hierarchy Name                          ; Library Name ;
+-----------------------------------+------------+------+----------------------------------------------+--------------+
; |Display_On_LCD                   ; 51         ; 13   ; |Display_On_LCD                              ; work         ;
;    |lpm_counter:CNT_ROLLNO_rtl_0| ; 4          ; 0    ; |Display_On_LCD|lpm_counter:CNT_ROLLNO_rtl_0 ; work         ;
+-----------------------------------+------------+------+----------------------------------------------+--------------+


Encoding Type:  Minimal Bits
+---------------------------------------------------------------------------+
; State Machine - |Display_On_LCD|Q                                         ;
+-----------+---------------+---------------+---------------+---------------+
; Name      ; Q.state_bit_3 ; Q.state_bit_2 ; Q.state_bit_1 ; Q.state_bit_0 ;
+-----------+---------------+---------------+---------------+---------------+
; Q.CMD0    ; 0             ; 0             ; 0             ; 0             ;
; Q.CMD1    ; 0             ; 0             ; 0             ; 1             ;
; Q.CMD2    ; 0             ; 0             ; 1             ; 1             ;
; Q.ROLLNO0 ; 0             ; 0             ; 1             ; 0             ;
; Q.ROLLNO1 ; 0             ; 1             ; 0             ; 1             ;
; Q.ROLLNO2 ; 0             ; 1             ; 1             ; 1             ;
; Q.CMD4    ; 0             ; 1             ; 0             ; 0             ;
; Q.CMD5    ; 0             ; 1             ; 1             ; 0             ;
; Q.CMD6    ; 1             ; 0             ; 0             ; 0             ;
; Q.A0      ; 1             ; 0             ; 0             ; 1             ;
; Q.A1      ; 1             ; 0             ; 1             ; 0             ;
; Q.A2      ; 1             ; 0             ; 1             ; 1             ;
; Q.IDLE    ; 1             ; 1             ; 0             ; 0             ;
+-----------+---------------+---------------+---------------+---------------+


+----------------------------------------------------------------------------------------------------+
; User-Specified and Inferred Latches                                                                ;
+-----------------------------------------------------+---------------------+------------------------+
; Latch Name                                          ; Latch Enable Signal ; Free of Timing Hazards ;
+-----------------------------------------------------+---------------------+------------------------+
; D[0]$latch                                          ; Selector11          ; yes                    ;
; D[1]$latch                                          ; Selector11          ; yes                    ;
; D[2]$latch                                          ; Selector11          ; yes                    ;
; D[3]$latch                                          ; Selector11          ; yes                    ;
; D[4]$latch                                          ; Selector11          ; yes                    ;
; D[5]$latch                                          ; Selector11          ; yes                    ;
; D[6]$latch                                          ; Selector11          ; yes                    ;
; D[7]$latch                                          ; Selector11          ; yes                    ;
; RS$latch                                            ; Selector11          ; yes                    ;
; EN$latch                                            ; Selector11          ; yes                    ;
; Number of user-specified and inferred latches = 10  ;                     ;                        ;
+-----------------------------------------------------+---------------------+------------------------+
Note: All latches listed above may not be present at the end of synthesis due to various synthesis optimizations.


+-------------------------------------------------------------------------------+
; Parameter Settings for Inferred Entity Instance: lpm_counter:CNT_ROLLNO_rtl_0 ;
+------------------------+-------------------+----------------------------------+
; Parameter Name         ; Value             ; Type                             ;
+------------------------+-------------------+----------------------------------+
; AUTO_CARRY_CHAINS      ; ON                ; AUTO_CARRY                       ;
; IGNORE_CARRY_BUFFERS   ; OFF               ; IGNORE_CARRY                     ;
; AUTO_CASCADE_CHAINS    ; ON                ; AUTO_CASCADE                     ;
; IGNORE_CASCADE_BUFFERS ; OFF               ; IGNORE_CASCADE                   ;
; LPM_WIDTH              ; 4                 ; Untyped                          ;
; LPM_DIRECTION          ; UP                ; Untyped                          ;
; LPM_MODULUS            ; 0                 ; Untyped                          ;
; LPM_AVALUE             ; UNUSED            ; Untyped                          ;
; LPM_SVALUE             ; UNUSED            ; Untyped                          ;
; LPM_PORT_UPDOWN        ; PORT_CONNECTIVITY ; Untyped                          ;
; DEVICE_FAMILY          ; MAX3000A          ; Untyped                          ;
; CARRY_CHAIN            ; MANUAL            ; Untyped                          ;
; CARRY_CHAIN_LENGTH     ; 48                ; CARRY_CHAIN_LENGTH               ;
; NOT_GATE_PUSH_BACK     ; ON                ; NOT_GATE_PUSH_BACK               ;
; CARRY_CNT_EN           ; SMART             ; Untyped                          ;
; LABWIDE_SCLR           ; ON                ; Untyped                          ;
; USE_NEW_VERSION        ; TRUE              ; Untyped                          ;
; CBXI_PARAMETER         ; NOTHING           ; Untyped                          ;
+------------------------+-------------------+----------------------------------+
Note: In order to hide this table in the UI and the text report file, please set the "Show Parameter Settings in Synthesis Report" option in "Analysis and Synthesis Settings -> More Settings" to "Off".


+-------------------------------------------------------------------+
; Parameter Settings for Inferred Entity Instance: lpm_add_sub:Add3 ;
+------------------------+-------------+----------------------------+
; Parameter Name         ; Value       ; Type                       ;
+------------------------+-------------+----------------------------+
; LPM_WIDTH              ; 7           ; Untyped                    ;
; LPM_REPRESENTATION     ; UNSIGNED    ; Untyped                    ;
; LPM_DIRECTION          ; ADD         ; Untyped                    ;
; ONE_INPUT_IS_CONSTANT  ; YES         ; Untyped                    ;
; LPM_PIPELINE           ; 0           ; Untyped                    ;
; MAXIMIZE_SPEED         ; 5           ; Untyped                    ;
; REGISTERED_AT_END      ; 0           ; Untyped                    ;
; OPTIMIZE_FOR_SPEED     ; 5           ; Untyped                    ;
; USE_CS_BUFFERS         ; 1           ; Untyped                    ;
; CARRY_CHAIN            ; MANUAL      ; Untyped                    ;
; CARRY_CHAIN_LENGTH     ; 48          ; CARRY_CHAIN_LENGTH         ;
; DEVICE_FAMILY          ; MAX3000A    ; Untyped                    ;
; USE_WYS                ; OFF         ; Untyped                    ;
; STYLE                  ; FAST        ; Untyped                    ;
; CBXI_PARAMETER         ; add_sub_4nh ; Untyped                    ;
; AUTO_CARRY_CHAINS      ; ON          ; AUTO_CARRY                 ;
; IGNORE_CARRY_BUFFERS   ; OFF         ; IGNORE_CARRY               ;
; AUTO_CASCADE_CHAINS    ; ON          ; AUTO_CASCADE               ;
; IGNORE_CASCADE_BUFFERS ; OFF         ; IGNORE_CASCADE             ;
+------------------------+-------------+----------------------------+
Note: In order to hide this table in the UI and the text report file, please set the "Show Parameter Settings in Synthesis Report" option in "Analysis and Synthesis Settings -> More Settings" to "Off".


+-------------------------------+
; Analysis & Synthesis Messages ;
+-------------------------------+
Info: *******************************************************************
Info: Running Quartus II 32-bit Analysis & Synthesis
    Info: Version 13.0.1 Build 232 06/12/2013 Service Pack 1 SJ Web Edition
    Info: Processing started: Wed Apr 25 22:31:41 2018
Info: Command: quartus_map --read_settings_files=on --write_settings_files=off Digital_Attendance_Sheet -c Digital_Attendance_Sheet
Warning (20028): Parallel compilation is not licensed and has been disabled
Info (12021): Found 2 design units, including 1 entities, in source file Display_On_LCD.vhd
    Info (12022): Found design unit 1: Display_On_LCD-FUNCTIONALITY
    Info (12023): Found entity 1: Display_On_LCD
Info (12127): Elaborating entity "Display_On_LCD" for the top level hierarchy
Warning (10492): VHDL Process Statement warning at Display_On_LCD.vhd(49): signal "CNT_CMD" is read inside the Process Statement but isn't in the Process Statement's sensitivity list
Warning (10492): VHDL Process Statement warning at Display_On_LCD.vhd(51): signal "CNT_CMD" is read inside the Process Statement but isn't in the Process Statement's sensitivity list
Warning (10492): VHDL Process Statement warning at Display_On_LCD.vhd(57): signal "CNT_CMD" is read inside the Process Statement but isn't in the Process Statement's sensitivity list
Warning (10492): VHDL Process Statement warning at Display_On_LCD.vhd(60): signal "CNT_CMD" is read inside the Process Statement but isn't in the Process Statement's sensitivity list
Warning (10492): VHDL Process Statement warning at Display_On_LCD.vhd(65): signal "CNT_ROLLNO" is read inside the Process Statement but isn't in the Process Statement's sensitivity list
Warning (10492): VHDL Process Statement warning at Display_On_LCD.vhd(67): signal "CNT_ROLLNO" is read inside the Process Statement but isn't in the Process Statement's sensitivity list
Warning (10492): VHDL Process Statement warning at Display_On_LCD.vhd(73): signal "CNT_ROLLNO" is read inside the Process Statement but isn't in the Process Statement's sensitivity list
Warning (10492): VHDL Process Statement warning at Display_On_LCD.vhd(76): signal "CNT_ROLLNO" is read inside the Process Statement but isn't in the Process Statement's sensitivity list
Warning (10492): VHDL Process Statement warning at Display_On_LCD.vhd(93): signal "CNT_ATTENDANCE" is read inside the Process Statement but isn't in the Process Statement's sensitivity list
Warning (10492): VHDL Process Statement warning at Display_On_LCD.vhd(95): signal "CNT_ATTENDANCE" is read inside the Process Statement but isn't in the Process Statement's sensitivity list
Warning (10492): VHDL Process Statement warning at Display_On_LCD.vhd(101): signal "CNT_ATTENDANCE" is read inside the Process Statement but isn't in the Process Statement's sensitivity list
Warning (10492): VHDL Process Statement warning at Display_On_LCD.vhd(104): signal "CNT_ATTENDANCE" is read inside the Process Statement but isn't in the Process Statement's sensitivity list
Warning (10631): VHDL Process Statement warning at Display_On_LCD.vhd(42): inferring latch(es) for signal or variable "D", which holds its previous value in one or more paths through the process
Warning (10631): VHDL Process Statement warning at Display_On_LCD.vhd(42): inferring latch(es) for signal or variable "RS", which holds its previous value in one or more paths through the process
Warning (10631): VHDL Process Statement warning at Display_On_LCD.vhd(42): inferring latch(es) for signal or variable "RW", which holds its previous value in one or more paths through the process
Warning (10631): VHDL Process Statement warning at Display_On_LCD.vhd(42): inferring latch(es) for signal or variable "EN", which holds its previous value in one or more paths through the process
Info (10041): Inferred latch for "EN" at Display_On_LCD.vhd(42)
Info (10041): Inferred latch for "RW" at Display_On_LCD.vhd(42)
Info (10041): Inferred latch for "RS" at Display_On_LCD.vhd(42)
Info (10041): Inferred latch for "D[0]" at Display_On_LCD.vhd(42)
Info (10041): Inferred latch for "D[1]" at Display_On_LCD.vhd(42)
Info (10041): Inferred latch for "D[2]" at Display_On_LCD.vhd(42)
Info (10041): Inferred latch for "D[3]" at Display_On_LCD.vhd(42)
Info (10041): Inferred latch for "D[4]" at Display_On_LCD.vhd(42)
Info (10041): Inferred latch for "D[5]" at Display_On_LCD.vhd(42)
Info (10041): Inferred latch for "D[6]" at Display_On_LCD.vhd(42)
Info (10041): Inferred latch for "D[7]" at Display_On_LCD.vhd(42)
Info (19000): Inferred 1 megafunctions from design logic
    Info (19001): Inferred lpm_counter megafunction (LPM_WIDTH=4) from the following logic: "CNT_ROLLNO_rtl_0"
Info (278001): Inferred 1 megafunctions from design logic
    Info (278002): Inferred adder/subtractor megafunction ("lpm_add_sub") from the following logic: "Add3"
Info (12130): Elaborated megafunction instantiation "lpm_counter:CNT_ROLLNO_rtl_0"
Info (12133): Instantiated megafunction "lpm_counter:CNT_ROLLNO_rtl_0" with the following parameter:
    Info (12134): Parameter "LPM_WIDTH" = "4"
    Info (12134): Parameter "LPM_DIRECTION" = "UP"
    Info (12134): Parameter "LPM_TYPE" = "LPM_COUNTER"
Info (12130): Elaborated megafunction instantiation "lpm_add_sub:Add3"
Info (12133): Instantiated megafunction "lpm_add_sub:Add3" with the following parameter:
    Info (12134): Parameter "LPM_WIDTH" = "7"
    Info (12134): Parameter "LPM_DIRECTION" = "ADD"
    Info (12134): Parameter "LPM_REPRESENTATION" = "UNSIGNED"
    Info (12134): Parameter "ONE_INPUT_IS_CONSTANT" = "YES"
Info (12131): Elaborated megafunction instantiation "lpm_add_sub:Add3|addcore:adder", which is child of megafunction instantiation "lpm_add_sub:Add3"
Info (12131): Elaborated megafunction instantiation "lpm_add_sub:Add3|addcore:adder|a_csnbuffer:oflow_node", which is child of megafunction instantiation "lpm_add_sub:Add3"
Info (12131): Elaborated megafunction instantiation "lpm_add_sub:Add3|addcore:adder|a_csnbuffer:result_node", which is child of megafunction instantiation "lpm_add_sub:Add3"
Info (12131): Elaborated megafunction instantiation "lpm_add_sub:Add3|addcore:adder|addcore:adder[0]", which is child of megafunction instantiation "lpm_add_sub:Add3"
Info (12131): Elaborated megafunction instantiation "lpm_add_sub:Add3|addcore:adder|addcore:adder[0]|a_csnbuffer:oflow_node", which is child of megafunction instantiation "lpm_add_sub:Add3"
Info (12131): Elaborated megafunction instantiation "lpm_add_sub:Add3|addcore:adder|addcore:adder[0]|a_csnbuffer:result_node", which is child of megafunction instantiation "lpm_add_sub:Add3"
Info (12131): Elaborated megafunction instantiation "lpm_add_sub:Add3|altshift:result_ext_latency_ffs", which is child of megafunction instantiation "lpm_add_sub:Add3"
Info (12131): Elaborated megafunction instantiation "lpm_add_sub:Add3|altshift:carry_ext_latency_ffs", which is child of megafunction instantiation "lpm_add_sub:Add3"
Info (13014): Ignored 7 buffer(s)
    Info (13019): Ignored 7 SOFT buffer(s)
Warning (13024): Output pins are stuck at VCC or GND
    Warning (13410): Pin "RW" is stuck at GND
Info (280013): Promoted pin-driven signal(s) to global signal
    Info (280014): Promoted clock signal driven by pin "CLK" to global clock signal
Info (21057): Implemented 69 device resources after synthesis - the final resource count might be different
    Info (21058): Implemented 2 input pins
    Info (21059): Implemented 11 output pins
    Info (21063): Implemented 51 macrocells
    Info (21073): Implemented 5 shareable expanders
Info: Quartus II 32-bit Analysis & Synthesis was successful. 0 errors, 19 warnings
    Info: Peak virtual memory: 359 megabytes
    Info: Processing ended: Wed Apr 25 22:31:42 2018
    Info: Elapsed time: 00:00:01
    Info: Total CPU time (on all processors): 00:00:02


